<?xml version="1.0" encoding="UTF-8"?>
<testng-results ignored="0" total="4" passed="4" failed="0" skipped="0">
  <reporter-output>
  </reporter-output>
  <suite started-at="2023-08-18T17:44:31 IST" name="Surefire suite" finished-at="2023-08-18T17:44:31 IST" duration-ms="296">
    <groups>
    </groups>
    <test started-at="2023-08-18T17:44:31 IST" name="Surefire test" finished-at="2023-08-18T17:44:31 IST" duration-ms="296">
      <class name="nishan.DeletedataTest">
        <test-method signature="delete()[pri:0, instance:nishan.DeletedataTest@2fd1433e]" started-at="2023-08-18T17:44:31 IST" name="delete" finished-at="2023-08-18T17:44:31 IST" duration-ms="33" status="PASS">
          <reporter-output>
          </reporter-output>
        </test-method> <!-- delete -->
        <test-method signature="delete1()[pri:0, instance:nishan.DeletedataTest@2fd1433e]" started-at="2023-08-18T17:44:31 IST" name="delete1" finished-at="2023-08-18T17:44:31 IST" duration-ms="1" status="PASS">
          <reporter-output>
          </reporter-output>
        </test-method> <!-- delete1 -->
        <test-method signature="restore()[pri:0, instance:nishan.DeletedataTest@2fd1433e]" started-at="2023-08-18T17:44:31 IST" name="restore" finished-at="2023-08-18T17:44:31 IST" duration-ms="1" status="PASS">
          <reporter-output>
          </reporter-output>
        </test-method> <!-- restore -->
        <test-method signature="restore1()[pri:0, instance:nishan.DeletedataTest@2fd1433e]" started-at="2023-08-18T17:44:31 IST" name="restore1" finished-at="2023-08-18T17:44:31 IST" duration-ms="2" status="PASS">
          <reporter-output>
          </reporter-output>
        </test-method> <!-- restore1 -->
      </class> <!-- nishan.DeletedataTest -->
    </test> <!-- Surefire test -->
  </suite> <!-- Surefire suite -->
</testng-results>
