<?xml version="1.0" encoding="UTF-8"?>
<testng-results ignored="1" total="3" passed="2" failed="0" skipped="0">
  <reporter-output>
  </reporter-output>
  <suite started-at="2023-08-16T13:12:24 IST" name="Suite" finished-at="2023-08-16T13:12:33 IST" duration-ms="9302">
    <groups>
      <group name="smoke">
        <method signature="CreateData.createData()[pri:0, instance:nishan.CreateData@65c7a252]" name="createData" class="nishan.CreateData"/>
        <method signature="CreateData.deleteData()[pri:0, instance:nishan.CreateData@65c7a252]" name="deleteData" class="nishan.CreateData"/>
      </group> <!-- smoke -->
    </groups>
    <test started-at="2023-08-16T13:12:24 IST" name="Test" finished-at="2023-08-16T13:12:33 IST" duration-ms="9302">
      <class name="nishan.CreateData">
        <test-method signature="createData()[pri:0, instance:nishan.CreateData@65c7a252]" started-at="2023-08-16T13:12:24 IST" name="createData" finished-at="2023-08-16T13:12:33 IST" duration-ms="9108" status="PASS">
          <reporter-output>
          </reporter-output>
        </test-method> <!-- createData -->
        <test-method signature="deleteData()[pri:0, instance:nishan.CreateData@65c7a252]" started-at="2023-08-16T13:12:33 IST" name="deleteData" finished-at="2023-08-16T13:12:33 IST" duration-ms="2" status="PASS">
          <reporter-output>
          </reporter-output>
        </test-method> <!-- deleteData -->
      </class> <!-- nishan.CreateData -->
    </test> <!-- Test -->
  </suite> <!-- Suite -->
</testng-results>
