<?xml version="1.0" encoding="UTF-8"?>
<!-- Generated by org.testng.reporters.JUnitXMLReporter -->
<testsuite ignored="1" hostname="LAPTOP-IOP631EF" failures="0" tests="2" name="Test" time="9.302" errors="0" timestamp="2023-08-16T13:12:33 IST">
  <testcase classname="nishan.CreateData" name="createData" time="9.108"/>
  <testcase classname="nishan.CreateData" name="deleteData" time="0.002"/>
  <testcase classname="nishan.CreateData" name="updateData" time="0.0">
    <ignored/>
  </testcase> <!-- updateData -->
</testsuite> <!-- Test -->
